TCP/myTCP/build/outputs/logs/manifest-merger-debug-report.txt
-- Merging decision tree log ---
manifest
ADDED from src\main\AndroidManifest.xml:17:1-46:12
	package
		ADDED from src\main\AndroidManifest.xml:18:5-36
		INJECTED from src\main\AndroidManifest.xml
		INJECTED from src\main\AndroidManifest.xml
	android:versionName
		ADDED from src\main\AndroidManifest.xml:20:5-30
		INJECTED from src\main\AndroidManifest.xml
		INJECTED from src\main\AndroidManifest.xml
	android:versionCode
		ADDED from src\main\AndroidManifest.xml:19:5-28
		INJECTED from src\main\AndroidManifest.xml
		INJECTED from src\main\AndroidManifest.xml
	xmlns:android
		ADDED from src\main\AndroidManifest.xml:17:11-69
uses-sdk
ADDED from src\main\AndroidManifest.xml:21:5-23:41
MERGED from [TCP:SlidingMenu-master:unspecified] AndroidManifest.xml:7:5-9:41
MERGED from [com.android.support:appcompat-v7:23.4.0] AndroidManifest.xml:21:5-23:78
MERGED from [com.android.support:animated-vector-drawable:23.4.0] AndroidManifest.xml:5:5-44
MERGED from [com.android.support:support-vector-drawable:23.4.0] AndroidManifest.xml:5:5-43
MERGED from [com.android.support:support-v4:23.4.0] AndroidManifest.xml:20:5-43
	tools:overrideLibrary
		ADDED from [com.android.support:appcompat-v7:23.4.0] AndroidManifest.xml:23:9-75
	android:targetSdkVersion
		ADDED from src\main\AndroidManifest.xml:23:9-38
		INJECTED from src\main\AndroidManifest.xml
		INJECTED from src\main\AndroidManifest.xml
	android:minSdkVersion
		ADDED from src\main\AndroidManifest.xml:22:9-35
		INJECTED from src\main\AndroidManifest.xml
		INJECTED from src\main\AndroidManifest.xml
uses-permission#android.permission.MOUNT_UNMOUNT_FILESYSTEMS
ADDED from src\main\AndroidManifest.xml:25:5-84
	android:name
		ADDED from src\main\AndroidManifest.xml:25:22-81
uses-permission#android.permission.WRITE_EXTERNAL_STORAGE
ADDED from src\main\AndroidManifest.xml:26:5-81
	android:name
		ADDED from src\main\AndroidManifest.xml:26:22-78
uses-permission#android.permission.ACCESS_WIFI_STATE
ADDED from src\main\AndroidManifest.xml:27:5-75
	android:name
		ADDED from src\main\AndroidManifest.xml:27:22-73
uses-permission#android.permission.INTERNET
ADDED from src\main\AndroidManifest.xml:28:5-66
	android:name
		ADDED from src\main\AndroidManifest.xml:28:22-64
uses-permission#android.permission.READ_PHONE_STATE
ADDED from src\main\AndroidManifest.xml:29:5-75
	android:name
		ADDED from src\main\AndroidManifest.xml:29:22-72
application
ADDED from src\main\AndroidManifest.xml:31:5-44:19
MERGED from [com.android.support:appcompat-v7:23.4.0] AndroidManifest.xml:25:5-20
MERGED from [com.android.support:animated-vector-drawable:23.4.0] AndroidManifest.xml:7:5-20
MERGED from [com.android.support:support-vector-drawable:23.4.0] AndroidManifest.xml:7:5-20
MERGED from [com.android.support:support-v4:23.4.0] AndroidManifest.xml:22:5-20
	android:label
		ADDED from src\main\AndroidManifest.xml:33:9-41
	android:icon
		ADDED from src\main\AndroidManifest.xml:32:9-43
activity#com.loumeng.activity.TCPchat
ADDED from src\main\AndroidManifest.xml:34:9-43:20
	android:label
		ADDED from src\main\AndroidManifest.xml:37:13-46
	android:configChanges
		ADDED from src\main\AndroidManifest.xml:36:13-63
	android:name
		ADDED from src\main\AndroidManifest.xml:35:13-56
intent-filter#android.intent.action.MAIN+android.intent.category.LAUNCHER
ADDED from src\main\AndroidManifest.xml:39:13-42:29
action#android.intent.action.MAIN
ADDED from src\main\AndroidManifest.xml:40:17-69
	android:name
		ADDED from src\main\AndroidManifest.xml:40:25-66
category#android.intent.category.LAUNCHER
ADDED from src\main\AndroidManifest.xml:41:17-77
	android:name
		ADDED from src\main\AndroidManifest.xml:41:27-74